[debug] [2017-10-28T10:23:12.343Z] ----------------------------------------------------------------------
[debug] [2017-10-28T10:23:12.345Z] Command:       /usr/local/bin/node /usr/local/bin/firebase serve --only functions
[debug] [2017-10-28T10:23:12.346Z] CLI Version:   3.13.1
[debug] [2017-10-28T10:23:12.346Z] Platform:      darwin
[debug] [2017-10-28T10:23:12.346Z] Node Version:  v6.11.5
[debug] [2017-10-28T10:23:12.347Z] Time:          Sat Oct 28 2017 12:23:12 GMT+0200 (CEST)
[debug] [2017-10-28T10:23:12.347Z] ----------------------------------------------------------------------
[debug] 
[debug] [2017-10-28T10:23:12.358Z] > command requires scopes: ["email","openid","https://www.googleapis.com/auth/cloudplatformprojects.readonly","https://www.googleapis.com/auth/firebase","https://www.googleapis.com/auth/cloud-platform"]
[debug] [2017-10-28T10:23:12.358Z] > authorizing via signed-in user
[debug] [2017-10-28T10:23:12.360Z] >>> HTTP REQUEST GET https://admin.firebase.com/v1/projects/smartfood-184220  
 Sat Oct 28 2017 12:23:12 GMT+0200 (CEST)
[debug] [2017-10-28T10:23:13.768Z] <<< HTTP RESPONSE 200
[debug] [2017-10-28T10:23:13.769Z] >>> HTTP REQUEST GET https://admin.firebase.com/v1/database/smartfood-184220/tokens  
 Sat Oct 28 2017 12:23:13 GMT+0200 (CEST)
[debug] [2017-10-28T10:23:14.929Z] <<< HTTP RESPONSE 200
[info] 
[info] === Serving from '/Users/Pradeep/git/workspace_smartfood/FirebaseNode'...
[info] 
[debug] [2017-10-28T10:23:15.199Z] Error: EACCES: permission denied, mkdir '/usr/local/lib/node_modules/firebase-tools/node_modules/@google-cloud/functions-emulator/logs'
    at Error (native)
    at Object.fs.mkdirSync (fs.js:924:18)
    at Object.assertLogsPath (/usr/local/lib/node_modules/firebase-tools/node_modules/@google-cloud/functions-emulator/src/emulator/logs.js:65:10)
    at new Controller (/usr/local/lib/node_modules/firebase-tools/node_modules/@google-cloud/functions-emulator/src/cli/controller.js:85:32)
    at FunctionsEmulator.start (/usr/local/lib/node_modules/firebase-tools/lib/functionsEmulator.js:111:21)
    at Object.start (/usr/local/lib/node_modules/firebase-tools/lib/serve/functions.js:9:29)
    at /usr/local/lib/node_modules/firebase-tools/lib/serve/index.js:16:19
    at arrayMap (/usr/local/lib/node_modules/firebase-tools/node_modules/lodash/lodash.js:660:23)
    at Function.map (/usr/local/lib/node_modules/firebase-tools/node_modules/lodash/lodash.js:9571:14)
    at _serve (/usr/local/lib/node_modules/firebase-tools/lib/serve/index.js:14:21)
[error] 
[error] Error: An unexpected error has occurred.
