[debug] [2017-10-28T10:20:41.724Z] ----------------------------------------------------------------------
[debug] [2017-10-28T10:20:41.727Z] Command:       /usr/local/bin/node /usr/local/bin/firebase serve --only functions,hosting
[debug] [2017-10-28T10:20:41.727Z] CLI Version:   3.13.1
[debug] [2017-10-28T10:20:41.727Z] Platform:      darwin
[debug] [2017-10-28T10:20:41.728Z] Node Version:  v6.11.5
[debug] [2017-10-28T10:20:41.728Z] Time:          Sat Oct 28 2017 12:20:41 GMT+0200 (CEST)
[debug] [2017-10-28T10:20:41.728Z] ----------------------------------------------------------------------
[debug] 
[debug] [2017-10-28T10:20:41.739Z] > command requires scopes: ["email","openid","https://www.googleapis.com/auth/cloudplatformprojects.readonly","https://www.googleapis.com/auth/firebase","https://www.googleapis.com/auth/cloud-platform"]
[debug] [2017-10-28T10:20:41.739Z] > authorizing via signed-in user
[debug] [2017-10-28T10:20:41.741Z] >>> HTTP REQUEST GET https://admin.firebase.com/v1/projects/smartfood-184220  
 Sat Oct 28 2017 12:20:41 GMT+0200 (CEST)
[debug] [2017-10-28T10:20:46.025Z] <<< HTTP RESPONSE 200
[debug] [2017-10-28T10:20:46.026Z] >>> HTTP REQUEST GET https://admin.firebase.com/v1/database/smartfood-184220/tokens  
 Sat Oct 28 2017 12:20:46 GMT+0200 (CEST)
[debug] [2017-10-28T10:20:47.290Z] <<< HTTP RESPONSE 200
[info] 
[info] === Serving from '/Users/Pradeep/git/workspace_smartfood/FirebaseNode'...
[info] 
[debug] [2017-10-28T10:20:47.665Z] Error: EACCES: permission denied, mkdir '/usr/local/lib/node_modules/firebase-tools/node_modules/@google-cloud/functions-emulator/logs'
    at Error (native)
    at Object.fs.mkdirSync (fs.js:924:18)
    at Object.assertLogsPath (/usr/local/lib/node_modules/firebase-tools/node_modules/@google-cloud/functions-emulator/src/emulator/logs.js:65:10)
    at new Controller (/usr/local/lib/node_modules/firebase-tools/node_modules/@google-cloud/functions-emulator/src/cli/controller.js:85:32)
    at FunctionsEmulator.start (/usr/local/lib/node_modules/firebase-tools/lib/functionsEmulator.js:111:21)
    at Object.start (/usr/local/lib/node_modules/firebase-tools/lib/serve/functions.js:9:29)
    at /usr/local/lib/node_modules/firebase-tools/lib/serve/index.js:16:19
    at arrayMap (/usr/local/lib/node_modules/firebase-tools/node_modules/lodash/lodash.js:660:23)
    at Function.map (/usr/local/lib/node_modules/firebase-tools/node_modules/lodash/lodash.js:9571:14)
    at _serve (/usr/local/lib/node_modules/firebase-tools/lib/serve/index.js:14:21)
[error] 
[error] Error: An unexpected error has occurred.
[debug] [2017-10-28T10:21:02.101Z] ----------------------------------------------------------------------
[debug] [2017-10-28T10:21:02.103Z] Command:       /usr/local/bin/node /usr/local/bin/firebase serve --only functions
[debug] [2017-10-28T10:21:02.103Z] CLI Version:   3.13.1
[debug] [2017-10-28T10:21:02.103Z] Platform:      darwin
[debug] [2017-10-28T10:21:02.103Z] Node Version:  v6.11.5
[debug] [2017-10-28T10:21:02.104Z] Time:          Sat Oct 28 2017 12:21:02 GMT+0200 (CEST)
[debug] [2017-10-28T10:21:02.104Z] ----------------------------------------------------------------------
[debug] 
[debug] [2017-10-28T10:21:02.115Z] > command requires scopes: ["email","openid","https://www.googleapis.com/auth/cloudplatformprojects.readonly","https://www.googleapis.com/auth/firebase","https://www.googleapis.com/auth/cloud-platform"]
[debug] [2017-10-28T10:21:02.115Z] > authorizing via signed-in user
[debug] [2017-10-28T10:21:02.117Z] >>> HTTP REQUEST GET https://admin.firebase.com/v1/projects/smartfood-184220  
 Sat Oct 28 2017 12:21:02 GMT+0200 (CEST)
[debug] [2017-10-28T10:21:07.201Z] <<< HTTP RESPONSE 200
[debug] [2017-10-28T10:21:07.202Z] >>> HTTP REQUEST GET https://admin.firebase.com/v1/database/smartfood-184220/tokens  
 Sat Oct 28 2017 12:21:07 GMT+0200 (CEST)
[debug] [2017-10-28T10:21:10.660Z] <<< HTTP RESPONSE 200
[info] 
[info] === Serving from '/Users/Pradeep/git/workspace_smartfood/FirebaseNode'...
[info] 
[debug] [2017-10-28T10:21:10.953Z] Error: EACCES: permission denied, mkdir '/usr/local/lib/node_modules/firebase-tools/node_modules/@google-cloud/functions-emulator/logs'
    at Error (native)
    at Object.fs.mkdirSync (fs.js:924:18)
    at Object.assertLogsPath (/usr/local/lib/node_modules/firebase-tools/node_modules/@google-cloud/functions-emulator/src/emulator/logs.js:65:10)
    at new Controller (/usr/local/lib/node_modules/firebase-tools/node_modules/@google-cloud/functions-emulator/src/cli/controller.js:85:32)
    at FunctionsEmulator.start (/usr/local/lib/node_modules/firebase-tools/lib/functionsEmulator.js:111:21)
    at Object.start (/usr/local/lib/node_modules/firebase-tools/lib/serve/functions.js:9:29)
    at /usr/local/lib/node_modules/firebase-tools/lib/serve/index.js:16:19
    at arrayMap (/usr/local/lib/node_modules/firebase-tools/node_modules/lodash/lodash.js:660:23)
    at Function.map (/usr/local/lib/node_modules/firebase-tools/node_modules/lodash/lodash.js:9571:14)
    at _serve (/usr/local/lib/node_modules/firebase-tools/lib/serve/index.js:14:21)
[error] 
[error] Error: An unexpected error has occurred.
